ERROR! the playbook: /home/lukas/arbeit/24-04-ON/kursmaterial-24-04-ON/Modul_3/ansible/abschluss/monitor_nginx.yml could not be found
ERROR! the playbook: /home/lukas/arbeit/24-04-ON/kursmaterial-24-04-ON/Modul_3/ansible/abschluss/monitor_nginx.yml could not be found
ERROR! the playbook: /home/lukas/arbeit/24-04-ON/kursmaterial-24-04-ON/Modul_3/ansible/abschluss/monitor_nginx.yml could not be found
ERROR! the playbook: /home/lukas/arbeit/24-04-ON/kursmaterial-24-04-ON/Modul_3/ansible/abschluss/monitor_nginx.yml could not be found
ERROR! the playbook: /home/lukas/arbeit/24-04-ON/kursmaterial-24-04-ON/Modul_3/ansible/abschluss/monitor_nginx.yml could not be found
[WARNING]: Could not match supplied host pattern, ignoring: webserver

PLAY [Überprüfe ob Nginx läuft] ************************************************
skipping: no hosts matched

PLAY RECAP *********************************************************************

[WARNING]: Could not match supplied host pattern, ignoring: webserver

PLAY [Überprüfe ob Nginx läuft] ************************************************
skipping: no hosts matched

PLAY RECAP *********************************************************************

[WARNING]: Could not match supplied host pattern, ignoring: webserver

PLAY [Überprüfe ob Nginx läuft] ************************************************
skipping: no hosts matched

PLAY RECAP *********************************************************************


PLAY [Überprüfe ob Nginx läuft] ************************************************

TASK [Gathering Facts] *********************************************************
ok: [3.76.35.202]

TASK [Überprüfe ob Nginx läuft] ************************************************
changed: [3.76.35.202]

TASK [Neustarten von Nginx, falls er gestoppt ist] *****************************
[WARNING]: Skipping plugin (/usr/lib/python3/dist-
packages/ansible/plugins/filter/core.py) as it seems to be invalid: cannot
import name 'environmentfilter' from 'jinja2.filters'
(/home/lukas/.local/lib/python3.10/site-packages/jinja2/filters.py)
[WARNING]: Skipping plugin (/usr/lib/python3/dist-
packages/ansible/plugins/filter/mathstuff.py) as it seems to be invalid: cannot
import name 'environmentfilter' from 'jinja2.filters'
(/home/lukas/.local/lib/python3.10/site-packages/jinja2/filters.py)
skipping: [3.76.35.202]

TASK [Falls Nginx gestoppt ist, schreibe Log und starte neu] *******************
[WARNING]: Skipping plugin (/usr/lib/python3/dist-
packages/ansible/plugins/filter/core.py) as it seems to be invalid: cannot
import name 'environmentfilter' from 'jinja2.filters'
(/home/lukas/.local/lib/python3.10/site-packages/jinja2/filters.py)
[WARNING]: Skipping plugin (/usr/lib/python3/dist-
packages/ansible/plugins/filter/mathstuff.py) as it seems to be invalid: cannot
import name 'environmentfilter' from 'jinja2.filters'
(/home/lukas/.local/lib/python3.10/site-packages/jinja2/filters.py)
skipping: [3.76.35.202]

PLAY RECAP *********************************************************************
3.76.35.202                : ok=2    changed=1    unreachable=0    failed=0    skipped=2    rescued=0    ignored=0   


PLAY [Überprüfe ob Nginx läuft] ************************************************

TASK [Gathering Facts] *********************************************************
ok: [3.76.35.202]

TASK [Überprüfe ob Nginx läuft] ************************************************
changed: [3.76.35.202]

TASK [Neustarten von Nginx, falls er gestoppt ist] *****************************
[WARNING]: Skipping plugin (/usr/lib/python3/dist-
packages/ansible/plugins/filter/core.py) as it seems to be invalid: cannot
import name 'environmentfilter' from 'jinja2.filters'
(/home/lukas/.local/lib/python3.10/site-packages/jinja2/filters.py)
[WARNING]: Skipping plugin (/usr/lib/python3/dist-
packages/ansible/plugins/filter/mathstuff.py) as it seems to be invalid: cannot
import name 'environmentfilter' from 'jinja2.filters'
(/home/lukas/.local/lib/python3.10/site-packages/jinja2/filters.py)
skipping: [3.76.35.202]

TASK [Falls Nginx gestoppt ist, schreibe Log und starte neu] *******************
[WARNING]: Skipping plugin (/usr/lib/python3/dist-
packages/ansible/plugins/filter/core.py) as it seems to be invalid: cannot
import name 'environmentfilter' from 'jinja2.filters'
(/home/lukas/.local/lib/python3.10/site-packages/jinja2/filters.py)
[WARNING]: Skipping plugin (/usr/lib/python3/dist-
packages/ansible/plugins/filter/mathstuff.py) as it seems to be invalid: cannot
import name 'environmentfilter' from 'jinja2.filters'
(/home/lukas/.local/lib/python3.10/site-packages/jinja2/filters.py)
skipping: [3.76.35.202]

PLAY RECAP *********************************************************************
3.76.35.202                : ok=2    changed=1    unreachable=0    failed=0    skipped=2    rescued=0    ignored=0   


PLAY [Überprüfe ob Nginx läuft] ************************************************

TASK [Gathering Facts] *********************************************************
ok: [3.76.35.202]

TASK [Überprüfe ob Nginx läuft] ************************************************
changed: [3.76.35.202]

TASK [Neustarten von Nginx, falls er gestoppt ist] *****************************
[WARNING]: Skipping plugin (/usr/lib/python3/dist-
packages/ansible/plugins/filter/core.py) as it seems to be invalid: cannot
import name 'environmentfilter' from 'jinja2.filters'
(/home/lukas/.local/lib/python3.10/site-packages/jinja2/filters.py)
[WARNING]: Skipping plugin (/usr/lib/python3/dist-
packages/ansible/plugins/filter/mathstuff.py) as it seems to be invalid: cannot
import name 'environmentfilter' from 'jinja2.filters'
(/home/lukas/.local/lib/python3.10/site-packages/jinja2/filters.py)
skipping: [3.76.35.202]

TASK [Falls Nginx gestoppt ist, schreibe Log und starte neu] *******************
[WARNING]: Skipping plugin (/usr/lib/python3/dist-
packages/ansible/plugins/filter/core.py) as it seems to be invalid: cannot
import name 'environmentfilter' from 'jinja2.filters'
(/home/lukas/.local/lib/python3.10/site-packages/jinja2/filters.py)
[WARNING]: Skipping plugin (/usr/lib/python3/dist-
packages/ansible/plugins/filter/mathstuff.py) as it seems to be invalid: cannot
import name 'environmentfilter' from 'jinja2.filters'
(/home/lukas/.local/lib/python3.10/site-packages/jinja2/filters.py)
skipping: [3.76.35.202]

PLAY RECAP *********************************************************************
3.76.35.202                : ok=2    changed=1    unreachable=0    failed=0    skipped=2    rescued=0    ignored=0   


PLAY [Überprüfe ob Nginx läuft] ************************************************

TASK [Gathering Facts] *********************************************************
ok: [3.76.35.202]

TASK [Überprüfe ob Nginx läuft] ************************************************
changed: [3.76.35.202]

TASK [Neustarten von Nginx, falls er gestoppt ist] *****************************
[WARNING]: Skipping plugin (/usr/lib/python3/dist-
packages/ansible/plugins/filter/core.py) as it seems to be invalid: cannot
import name 'environmentfilter' from 'jinja2.filters'
(/home/lukas/.local/lib/python3.10/site-packages/jinja2/filters.py)
[WARNING]: Skipping plugin (/usr/lib/python3/dist-
packages/ansible/plugins/filter/mathstuff.py) as it seems to be invalid: cannot
import name 'environmentfilter' from 'jinja2.filters'
(/home/lukas/.local/lib/python3.10/site-packages/jinja2/filters.py)
skipping: [3.76.35.202]

TASK [Falls Nginx gestoppt ist, schreibe Log und starte neu] *******************
[WARNING]: Skipping plugin (/usr/lib/python3/dist-
packages/ansible/plugins/filter/core.py) as it seems to be invalid: cannot
import name 'environmentfilter' from 'jinja2.filters'
(/home/lukas/.local/lib/python3.10/site-packages/jinja2/filters.py)
[WARNING]: Skipping plugin (/usr/lib/python3/dist-
packages/ansible/plugins/filter/mathstuff.py) as it seems to be invalid: cannot
import name 'environmentfilter' from 'jinja2.filters'
(/home/lukas/.local/lib/python3.10/site-packages/jinja2/filters.py)
skipping: [3.76.35.202]

PLAY RECAP *********************************************************************
3.76.35.202                : ok=2    changed=1    unreachable=0    failed=0    skipped=2    rescued=0    ignored=0   


PLAY [Überprüfe ob Nginx läuft] ************************************************

TASK [Gathering Facts] *********************************************************
ok: [3.76.35.202]

TASK [Überprüfe ob Nginx läuft] ************************************************
changed: [3.76.35.202]

TASK [Neustarten von Nginx, falls er gestoppt ist] *****************************
[WARNING]: Skipping plugin (/usr/lib/python3/dist-
packages/ansible/plugins/filter/core.py) as it seems to be invalid: cannot
import name 'environmentfilter' from 'jinja2.filters'
(/home/lukas/.local/lib/python3.10/site-packages/jinja2/filters.py)
[WARNING]: Skipping plugin (/usr/lib/python3/dist-
packages/ansible/plugins/filter/mathstuff.py) as it seems to be invalid: cannot
import name 'environmentfilter' from 'jinja2.filters'
(/home/lukas/.local/lib/python3.10/site-packages/jinja2/filters.py)
skipping: [3.76.35.202]

TASK [Falls Nginx gestoppt ist, schreibe Log und starte neu] *******************
[WARNING]: Skipping plugin (/usr/lib/python3/dist-
packages/ansible/plugins/filter/core.py) as it seems to be invalid: cannot
import name 'environmentfilter' from 'jinja2.filters'
(/home/lukas/.local/lib/python3.10/site-packages/jinja2/filters.py)
[WARNING]: Skipping plugin (/usr/lib/python3/dist-
packages/ansible/plugins/filter/mathstuff.py) as it seems to be invalid: cannot
import name 'environmentfilter' from 'jinja2.filters'
(/home/lukas/.local/lib/python3.10/site-packages/jinja2/filters.py)
skipping: [3.76.35.202]

PLAY RECAP *********************************************************************
3.76.35.202                : ok=2    changed=1    unreachable=0    failed=0    skipped=2    rescued=0    ignored=0   


PLAY [Überprüfe ob Nginx läuft] ************************************************

TASK [Gathering Facts] *********************************************************
ok: [3.76.35.202]

TASK [Überprüfe ob Nginx läuft] ************************************************
changed: [3.76.35.202]

TASK [Neustarten von Nginx, falls er gestoppt ist] *****************************
[WARNING]: Skipping plugin (/usr/lib/python3/dist-
packages/ansible/plugins/filter/core.py) as it seems to be invalid: cannot
import name 'environmentfilter' from 'jinja2.filters'
(/home/lukas/.local/lib/python3.10/site-packages/jinja2/filters.py)
[WARNING]: Skipping plugin (/usr/lib/python3/dist-
packages/ansible/plugins/filter/mathstuff.py) as it seems to be invalid: cannot
import name 'environmentfilter' from 'jinja2.filters'
(/home/lukas/.local/lib/python3.10/site-packages/jinja2/filters.py)
skipping: [3.76.35.202]

TASK [Falls Nginx gestoppt ist, schreibe Log und starte neu] *******************
[WARNING]: Skipping plugin (/usr/lib/python3/dist-
packages/ansible/plugins/filter/core.py) as it seems to be invalid: cannot
import name 'environmentfilter' from 'jinja2.filters'
(/home/lukas/.local/lib/python3.10/site-packages/jinja2/filters.py)
[WARNING]: Skipping plugin (/usr/lib/python3/dist-
packages/ansible/plugins/filter/mathstuff.py) as it seems to be invalid: cannot
import name 'environmentfilter' from 'jinja2.filters'
(/home/lukas/.local/lib/python3.10/site-packages/jinja2/filters.py)
skipping: [3.76.35.202]

PLAY RECAP *********************************************************************
3.76.35.202                : ok=2    changed=1    unreachable=0    failed=0    skipped=2    rescued=0    ignored=0   


PLAY [Überprüfe ob Nginx läuft] ************************************************

TASK [Gathering Facts] *********************************************************
fatal: [3.76.35.202]: UNREACHABLE! => {"changed": false, "msg": "Failed to connect to the host via ssh: mux_client_request_session: read from master failed: Broken pipe\r\nno such identity: ./terraform/ansible-key.pem: No such file or directory\r\nubuntu@3.76.35.202: Permission denied (publickey).", "unreachable": true}

PLAY RECAP *********************************************************************
3.76.35.202                : ok=0    changed=0    unreachable=1    failed=0    skipped=0    rescued=0    ignored=0   


PLAY [Überprüfe ob Nginx läuft] ************************************************

TASK [Gathering Facts] *********************************************************
fatal: [3.76.35.202]: UNREACHABLE! => {"changed": false, "msg": "Failed to connect to the host via ssh: no such identity: ./terraform/ansible-key.pem: No such file or directory\r\nubuntu@3.76.35.202: Permission denied (publickey).", "unreachable": true}

PLAY RECAP *********************************************************************
3.76.35.202                : ok=0    changed=0    unreachable=1    failed=0    skipped=0    rescued=0    ignored=0   

